2025-12-11 11:29:19 - Delhi attempt 1: 410 Client Error: Gone for url: https://api.openaq.org/v2/latestDelhi
2025-12-11 11:29:21 - Delhi attempt 2: 410 Client Error: Gone for url: https://api.openaq.org/v2/latestDelhi
2025-12-11 11:29:23 - Delhi attempt 3: 410 Client Error: Gone for url: https://api.openaq.org/v2/latestDelhi
2025-12-11 11:29:23 - Bengaluru attempt 1: 410 Client Error: Gone for url: https://api.openaq.org/v2/latestBengaluru
2025-12-11 11:29:25 - Bengaluru attempt 2: 410 Client Error: Gone for url: https://api.openaq.org/v2/latestBengaluru
2025-12-11 11:29:27 - Bengaluru attempt 3: 410 Client Error: Gone for url: https://api.openaq.org/v2/latestBengaluru
2025-12-11 11:29:27 - Hyderabad attempt 1: 410 Client Error: Gone for url: https://api.openaq.org/v2/latestHyderabad
2025-12-11 11:29:29 - Hyderabad attempt 2: 410 Client Error: Gone for url: https://api.openaq.org/v2/latestHyderabad
2025-12-11 11:29:32 - Hyderabad attempt 3: 410 Client Error: Gone for url: https://api.openaq.org/v2/latestHyderabad
2025-12-11 11:29:32 - Mumbai attempt 1: 410 Client Error: Gone for url: https://api.openaq.org/v2/latestMumbai
2025-12-11 11:29:34 - Mumbai attempt 2: 410 Client Error: Gone for url: https://api.openaq.org/v2/latestMumbai
2025-12-11 11:29:36 - Mumbai attempt 3: 410 Client Error: Gone for url: https://api.openaq.org/v2/latestMumbai
2025-12-11 11:29:36 - Kolkata attempt 1: 410 Client Error: Gone for url: https://api.openaq.org/v2/latestKolkata
2025-12-11 11:29:38 - Kolkata attempt 2: 410 Client Error: Gone for url: https://api.openaq.org/v2/latestKolkata
2025-12-11 11:29:40 - Kolkata attempt 3: 410 Client Error: Gone for url: https://api.openaq.org/v2/latestKolkata
2025-12-11 11:30:42 - Delhi attempt 1: No connection adapters were found for 'AQI_BASE_URL=https://api.openaq.org/v2/latest?city=Delhi'
2025-12-11 11:30:44 - Delhi attempt 2: No connection adapters were found for 'AQI_BASE_URL=https://api.openaq.org/v2/latest?city=Delhi'
2025-12-11 11:30:46 - Delhi attempt 3: No connection adapters were found for 'AQI_BASE_URL=https://api.openaq.org/v2/latest?city=Delhi'
2025-12-11 11:30:46 - Bengaluru attempt 1: No connection adapters were found for 'AQI_BASE_URL=https://api.openaq.org/v2/latest?city=Bengaluru'
2025-12-11 11:30:48 - Bengaluru attempt 2: No connection adapters were found for 'AQI_BASE_URL=https://api.openaq.org/v2/latest?city=Bengaluru'
2025-12-11 11:30:50 - Bengaluru attempt 3: No connection adapters were found for 'AQI_BASE_URL=https://api.openaq.org/v2/latest?city=Bengaluru'
2025-12-11 11:30:50 - Hyderabad attempt 1: No connection adapters were found for 'AQI_BASE_URL=https://api.openaq.org/v2/latest?city=Hyderabad'
2025-12-11 11:30:52 - Hyderabad attempt 2: No connection adapters were found for 'AQI_BASE_URL=https://api.openaq.org/v2/latest?city=Hyderabad'
2025-12-11 11:30:54 - Hyderabad attempt 3: No connection adapters were found for 'AQI_BASE_URL=https://api.openaq.org/v2/latest?city=Hyderabad'
2025-12-11 11:30:54 - Mumbai attempt 1: No connection adapters were found for 'AQI_BASE_URL=https://api.openaq.org/v2/latest?city=Mumbai'
2025-12-11 11:30:56 - Mumbai attempt 2: No connection adapters were found for 'AQI_BASE_URL=https://api.openaq.org/v2/latest?city=Mumbai'
2025-12-11 11:30:58 - Mumbai attempt 3: No connection adapters were found for 'AQI_BASE_URL=https://api.openaq.org/v2/latest?city=Mumbai'
2025-12-11 11:30:58 - Kolkata attempt 1: No connection adapters were found for 'AQI_BASE_URL=https://api.openaq.org/v2/latest?city=Kolkata'
2025-12-11 11:31:00 - Kolkata attempt 2: No connection adapters were found for 'AQI_BASE_URL=https://api.openaq.org/v2/latest?city=Kolkata'
2025-12-11 11:31:02 - Kolkata attempt 3: No connection adapters were found for 'AQI_BASE_URL=https://api.openaq.org/v2/latest?city=Kolkata'
2025-12-11 11:33:09 - Delhi attempt 1: 410 Client Error: Gone for url: https://api.openaq.org/v2/latest?city=Delhi
2025-12-11 11:33:11 - Delhi attempt 2: 410 Client Error: Gone for url: https://api.openaq.org/v2/latest?city=Delhi
2025-12-11 11:33:13 - Delhi attempt 3: 410 Client Error: Gone for url: https://api.openaq.org/v2/latest?city=Delhi
2025-12-11 11:33:14 - Bangalore attempt 1: 410 Client Error: Gone for url: https://api.openaq.org/v2/latest?city=Bangalore
2025-12-11 11:33:16 - Bangalore attempt 2: 410 Client Error: Gone for url: https://api.openaq.org/v2/latest?city=Bangalore
2025-12-11 11:33:18 - Bangalore attempt 3: 410 Client Error: Gone for url: https://api.openaq.org/v2/latest?city=Bangalore
2025-12-11 11:33:18 - Hyderabad attempt 1: 410 Client Error: Gone for url: https://api.openaq.org/v2/latest?city=Hyderabad
2025-12-11 11:33:20 - Hyderabad attempt 2: 410 Client Error: Gone for url: https://api.openaq.org/v2/latest?city=Hyderabad
2025-12-11 11:33:22 - Hyderabad attempt 3: 410 Client Error: Gone for url: https://api.openaq.org/v2/latest?city=Hyderabad
2025-12-11 11:33:22 - Mumbai attempt 1: 410 Client Error: Gone for url: https://api.openaq.org/v2/latest?city=Mumbai
2025-12-11 11:33:24 - Mumbai attempt 2: 410 Client Error: Gone for url: https://api.openaq.org/v2/latest?city=Mumbai
2025-12-11 11:33:26 - Mumbai attempt 3: 410 Client Error: Gone for url: https://api.openaq.org/v2/latest?city=Mumbai
2025-12-11 11:33:26 - Kolkata attempt 1: 410 Client Error: Gone for url: https://api.openaq.org/v2/latest?city=Kolkata
2025-12-11 11:33:28 - Kolkata attempt 2: 410 Client Error: Gone for url: https://api.openaq.org/v2/latest?city=Kolkata
2025-12-11 11:33:30 - Kolkata attempt 3: 410 Client Error: Gone for url: https://api.openaq.org/v2/latest?city=Kolkata
2025-12-11 11:42:50 - Fetching Mumbai attempt 1: HTTPSConnectionPool(host='air-quality-api.open-meteo.com', port=443): Read timed out. (read timeout=15)
